<?xml version="1.0" encoding="UTF-8"?>
<testsuite name="EdgeFieldTest" tests="40" skipped="0" failures="0" errors="0" timestamp="2023-12-05T18:33:31" hostname="31edc4a14392" time="1.397">
  <properties/>
  <testcase name="testGetFieldBound" classname="EdgeFieldTest" time="0.005"/>
  <testcase name="testGetIsPrimaryKey" classname="EdgeFieldTest" time="0.004"/>
  <testcase name="testGetStrDataType" classname="EdgeFieldTest" time="0.012"/>
  <testcase name="testSetTableBound_givenMultipleCalls" classname="EdgeFieldTest" time="0.077"/>
  <testcase name="testSetVarcharValue" classname="EdgeFieldTest" time="0.056"/>
  <testcase name="testSetFieldBound" classname="EdgeFieldTest" time="0.029"/>
  <testcase name="testGetTableID" classname="EdgeFieldTest" time="0.002"/>
  <testcase name="testSetDataType" classname="EdgeFieldTest" time="0.003"/>
  <testcase name="testGetDataType" classname="EdgeFieldTest" time="0.037"/>
  <testcase name="testConstructor_givenNoIntegers" classname="EdgeFieldTest" time="0.09"/>
  <testcase name="testToString" classname="EdgeFieldTest" time="0.366"/>
  <testcase name="testSetIsPrimaryKey" classname="EdgeFieldTest" time="0.07"/>
  <testcase name="testSetDataType_givenMultipleCalls" classname="EdgeFieldTest" time="0.001"/>
  <testcase name="testSetIsPrimaryKey_givenMultipleCalls" classname="EdgeFieldTest" time="0.015"/>
  <testcase name="testConstructor_givenNameOnly" classname="EdgeFieldTest" time="0.001"/>
  <testcase name="testSetDataType_giveOutOfBoundsParam" classname="EdgeFieldTest" time="0.012"/>
  <testcase name="testSetDefaultValue_givenNull" classname="EdgeFieldTest" time="0.001"/>
  <testcase name="testSetVarcharValue_giveOutOfBoundsParam" classname="EdgeFieldTest" time="0.0"/>
  <testcase name="testGetName" classname="EdgeFieldTest" time="0.0"/>
  <testcase name="testSetDefaultValue_givenMultipleCalls" classname="EdgeFieldTest" time="0.001"/>
  <testcase name="testSetTableID_givenNegativeInt" classname="EdgeFieldTest" time="0.0"/>
  <testcase name="testSetTableBound_givenNegativeInt" classname="EdgeFieldTest" time="0.0"/>
  <testcase name="testGetTableBound" classname="EdgeFieldTest" time="0.0"/>
  <testcase name="testSetDisallowNull_givenMultipleCalls" classname="EdgeFieldTest" time="0.084"/>
  <testcase name="testSetFieldBound_givenMultipleCalls" classname="EdgeFieldTest" time="0.066"/>
  <testcase name="testSetTableID" classname="EdgeFieldTest" time="0.012"/>
  <testcase name="testSetVarcharValue_givenMultipleCalls" classname="EdgeFieldTest" time="0.081"/>
  <testcase name="testGetDefaultValue" classname="EdgeFieldTest" time="0.021"/>
  <testcase name="testSetTableBound" classname="EdgeFieldTest" time="0.019"/>
  <testcase name="testSetFieldBound_givenNegativeInt" classname="EdgeFieldTest" time="0.033"/>
  <testcase name="testGetDisallowNull" classname="EdgeFieldTest" time="0.047"/>
  <testcase name="testConstructor_givenNumFigureOnly" classname="EdgeFieldTest" time="0.004"/>
  <testcase name="testSetDefaultValue" classname="EdgeFieldTest" time="0.003"/>
  <testcase name="testGetNumFigure" classname="EdgeFieldTest" time="0.001"/>
  <testcase name="testGetVarcharValue" classname="EdgeFieldTest" time="0.046"/>
  <testcase name="testSetDisallowNull" classname="EdgeFieldTest" time="0.007"/>
  <testcase name="testConstructor_givenIncorrectDelim" classname="EdgeFieldTest" time="0.002"/>
  <testcase name="testConstructor_givenCorrectInput" classname="EdgeFieldTest" time="0.008"/>
  <testcase name="testSetTableID_givenMultipleCalls" classname="EdgeFieldTest" time="0.074"/>
  <testcase name="testConstructor_givenOnlyIntegers" classname="EdgeFieldTest" time="0.004"/>
  <system-out><![CDATA[06:33:31.915 INFO class:EdgeField - creating new EdgeField instance
06:33:31.920 INFO class:EdgeField - creating new EdgeField instance
06:33:31.927 INFO class:EdgeField - creating new EdgeField instance
06:33:31.937 INFO class:EdgeField - creating new EdgeField instance
06:33:32.017 INFO class:EdgeField - creating new EdgeField instance
06:33:32.077 INFO class:EdgeField - creating new EdgeField instance
06:33:32.104 INFO class:EdgeField - creating new EdgeField instance
06:33:32.105 INFO class:EdgeField - creating new EdgeField instance
06:33:32.109 INFO class:EdgeField - creating new EdgeField instance
06:33:32.148 INFO class:EdgeField - creating new EdgeField instance
06:33:32.211 INFO class:EdgeField - creating new EdgeField instance
06:33:32.243 INFO class:EdgeField - creating new EdgeField instance
06:33:32.697 INFO class:EdgeField - creating new EdgeField instance
06:33:32.698 INFO class:EdgeField - creating new EdgeField instance
06:33:32.699 INFO class:EdgeField - creating new EdgeField instance
06:33:32.715 INFO class:EdgeField - creating new EdgeField instance
06:33:32.715 INFO class:EdgeField - creating new EdgeField instance
06:33:32.727 INFO class:EdgeField - creating new EdgeField instance
06:33:32.728 INFO class:EdgeField - creating new EdgeField instance
06:33:32.729 INFO class:EdgeField - creating new EdgeField instance
06:33:32.730 INFO class:EdgeField - creating new EdgeField instance
06:33:32.754 INFO class:EdgeField - creating new EdgeField instance
06:33:32.756 INFO class:EdgeField - creating new EdgeField instance
06:33:32.757 INFO class:EdgeField - creating new EdgeField instance
06:33:32.757 INFO class:EdgeField - creating new EdgeField instance
06:33:32.758 INFO class:EdgeField - creating new EdgeField instance
06:33:32.904 INFO class:EdgeField - creating new EdgeField instance
06:33:32.916 INFO class:EdgeField - creating new EdgeField instance
06:33:32.929 INFO class:EdgeField - creating new EdgeField instance
06:33:33.010 INFO class:EdgeField - creating new EdgeField instance
06:33:33.032 INFO class:EdgeField - creating new EdgeField instance
06:33:33.051 INFO class:EdgeField - creating new EdgeField instance
06:33:33.085 INFO class:EdgeField - creating new EdgeField instance
06:33:33.156 INFO class:EdgeField - creating new EdgeField instance
06:33:33.158 INFO class:EdgeField - creating new EdgeField instance
06:33:33.159 INFO class:EdgeField - creating new EdgeField instance
06:33:33.163 INFO class:EdgeField - creating new EdgeField instance
06:33:33.164 INFO class:EdgeField - creating new EdgeField instance
06:33:33.211 INFO class:EdgeField - creating new EdgeField instance
06:33:33.219 INFO class:EdgeField - creating new EdgeField instance
06:33:33.221 INFO class:EdgeField - creating new EdgeField instance
06:33:33.222 INFO class:EdgeField - creating new EdgeField instance
06:33:33.226 INFO class:EdgeField - creating new EdgeField instance
06:33:33.232 INFO class:EdgeField - creating new EdgeField instance
06:33:33.305 INFO class:EdgeField - creating new EdgeField instance
06:33:33.306 INFO class:EdgeField - creating new EdgeField instance
]]></system-out>
  <system-err><![CDATA[]]></system-err>
</testsuite>
