<?xml version="1.0" encoding="UTF-8"?>
<testsuite name="EdgeTableTest" tests="12" skipped="0" failures="0" errors="0" timestamp="2023-12-07T02:09:02" hostname="2e3ded117362" time="0.588">
  <properties/>
  <testcase name="testSetRelatedField" classname="EdgeTableTest" time="0.094"/>
  <testcase name="testToString" classname="EdgeTableTest" time="0.117"/>
  <testcase name="testMakeArrays" classname="EdgeTableTest" time="0.094"/>
  <testcase name="testGetRelatedTablesArray" classname="EdgeTableTest" time="0.025"/>
  <testcase name="testGetRelatedFieldsArray" classname="EdgeTableTest" time="0.005"/>
  <testcase name="testGetName" classname="EdgeTableTest" time="0.0"/>
  <testcase name="testMoveFileDown" classname="EdgeTableTest" time="0.062"/>
  <testcase name="testGetNativeFieldsArray" classname="EdgeTableTest" time="0.0"/>
  <testcase name="testAddNativeField" classname="EdgeTableTest" time="0.007"/>
  <testcase name="testMoveFileUp" classname="EdgeTableTest" time="0.092"/>
  <testcase name="testGetNumFigure" classname="EdgeTableTest" time="0.009"/>
  <testcase name="testAddRelatedTable" classname="EdgeTableTest" time="0.001"/>
  <system-out><![CDATA[02:09:02.840 INFO class:EdgeTable - creating new EdgeTable instance
2 EdgeTable.getRelatedFields array: [I@3016fd5e
02:09:02.937 INFO class:EdgeTable - creating new EdgeTable instance
02:09:03.021 INFO class:EdgeTable - convert the ArrayList into int[]
2 EdgeTable.getRelatedFields array: [I@6c45ee6e
02:09:03.056 INFO class:EdgeTable - creating new EdgeTable instance
02:09:03.127 INFO class:EdgeTable - convert the ArrayList into int[]
2 EdgeTable.getRelatedFields array: [I@1338fb5
02:09:03.221 INFO class:EdgeTable - creating new EdgeTable instance
02:09:03.252 INFO class:EdgeTable - creating new EdgeTable instance
2 EdgeTable.getRelatedFields array: [I@42463763
02:09:03.253 INFO class:EdgeTable - creating new EdgeTable instance
02:09:03.254 INFO class:EdgeTable - creating new EdgeTable instance
02:09:03.255 INFO class:EdgeTable - move the field closer to the end of the list
2 EdgeTable.getRelatedFields array: [I@61f05988
02:09:03.317 INFO class:EdgeTable - creating new EdgeTable instance
02:09:03.318 INFO class:EdgeTable - creating new EdgeTable instance
02:09:03.327 INFO class:EdgeTable - creating new EdgeTable instance
02:09:03.329 INFO class:EdgeTable - move the field closer to the beginning of the list
2 EdgeTable.getRelatedFields array: [I@67c2e933
02:09:03.426 INFO class:EdgeTable - creating new EdgeTable instance
02:09:03.428 INFO class:EdgeTable - creating new EdgeTable instance
]]></system-out>
  <system-err><![CDATA[]]></system-err>
</testsuite>
